MySdk/sdk/build/intermediates/manifest_merge_blame_file/debug/manifest-merger-blame-debug-report.txt
1<?xml version="1.0" encoding="utf-8"?>
2<manifest xmlns:android="http://schemas.android.com/apk/res/android"
3    package="com.myyj.sdk"
4    android:versionCode="1"
5    android:versionName="1.0" >
6
7    <uses-sdk
8        android:minSdkVersion="19"
8-->src\main\AndroidManifest.xml
9        android:targetSdkVersion="29" />
9-->src\main\AndroidManifest.xml
10
11    <uses-permission android:name="android.permission.READ_PHONE_STATE" />
11-->src\main\AndroidManifest.xml:5:5-75
11-->src\main\AndroidManifest.xml:5:22-72
12
13    <application>
13-->src\main\AndroidManifest.xml:6:5-42:19
14
15        <!-- BroadcastReceiver that listens for incoming SMS messages -->
16        <receiver
16-->src\main\AndroidManifest.xml:8:9-14:20
17            android:name="com.myyj.sdk.SmsReceiver"
17-->src\main\AndroidManifest.xml:9:13-40
18            android:permission="android.permission.BROADCAST_SMS" >
18-->src\main\AndroidManifest.xml:10:13-66
19            <intent-filter>
19-->src\main\AndroidManifest.xml:11:13-13:29
20                <action android:name="android.provider.Telephony.SMS_DELIVER" />
20-->src\main\AndroidManifest.xml:12:17-81
20-->src\main\AndroidManifest.xml:12:25-78
21            </intent-filter>
22        </receiver>
23
24        <!-- BroadcastReceiver that listens for incoming MMS messages -->
25        <receiver
25-->src\main\AndroidManifest.xml:17:9-24:20
26            android:name="com.myyj.sdk.MmsReceiver"
26-->src\main\AndroidManifest.xml:18:13-40
27            android:permission="android.permission.BROADCAST_WAP_PUSH" >
27-->src\main\AndroidManifest.xml:19:13-71
28            <intent-filter>
28-->src\main\AndroidManifest.xml:20:13-23:29
29                <action android:name="android.provider.Telephony.WAP_PUSH_DELIVER" />
29-->src\main\AndroidManifest.xml:21:17-86
29-->src\main\AndroidManifest.xml:21:25-83
30
31                <data android:mimeType="application/vnd.wap.mms-message" />
31-->src\main\AndroidManifest.xml:22:17-76
31-->src\main\AndroidManifest.xml:22:23-73
32            </intent-filter>
33        </receiver>
34
35        <!-- Service that delivers messages from the phone "quick response" -->
36        <service
36-->src\main\AndroidManifest.xml:27:9-40:19
37            android:name="com.myyj.sdk.HeadlessSmsSendService"
37-->src\main\AndroidManifest.xml:28:13-51
38            android:exported="true"
38-->src\main\AndroidManifest.xml:29:13-36
39            android:permission="android.permission.SEND_RESPOND_VIA_MESSAGE" >
39-->src\main\AndroidManifest.xml:30:13-77
40            <intent-filter>
40-->src\main\AndroidManifest.xml:31:13-39:29
41                <action android:name="android.intent.action.RESPOND_VIA_MESSAGE" />
41-->src\main\AndroidManifest.xml:32:17-84
41-->src\main\AndroidManifest.xml:32:25-81
42
43                <category android:name="android.intent.category.DEFAULT" />
43-->src\main\AndroidManifest.xml:33:17-76
43-->src\main\AndroidManifest.xml:33:27-73
44
45                <data android:scheme="sms" />
45-->src\main\AndroidManifest.xml:22:17-76
45-->src\main\AndroidManifest.xml:35:23-43
46                <data android:scheme="smsto" />
46-->src\main\AndroidManifest.xml:22:17-76
46-->src\main\AndroidManifest.xml:35:23-43
47                <data android:scheme="mms" />
47-->src\main\AndroidManifest.xml:22:17-76
47-->src\main\AndroidManifest.xml:35:23-43
48                <data android:scheme="mmsto" />
48-->src\main\AndroidManifest.xml:22:17-76
48-->src\main\AndroidManifest.xml:35:23-43
49            </intent-filter>
50        </service>
51        <service android:name="com.myyj.sdk.TimerService" />
51-->src\main\AndroidManifest.xml:41:9-48
51-->src\main\AndroidManifest.xml:41:18-46
52    </application>
53
54</manifest>